<?xml version="1.0" encoding="UTF-8"?>
<testng-results ignored="0" total="4" passed="4" failed="0" skipped="0">
  <reporter-output>
  </reporter-output>
  <suite started-at="2024-10-14T13:41:54 IST" name="Default suite" finished-at="2024-10-14T13:42:09 IST" duration-ms="15523">
    <groups>
    </groups>
    <test started-at="2024-10-14T13:41:54 IST" name="Default test" finished-at="2024-10-14T13:42:09 IST" duration-ms="15523">
      <class name="api.test.UserTests">
        <test-method is-config="true" signature="setUpData()[pri:0, instance:api.test.UserTests@7161d8d1]" started-at="2024-10-14T13:41:54 IST" name="setUpData" finished-at="2024-10-14T13:41:55 IST" duration-ms="830" status="PASS">
          <reporter-output>
          </reporter-output>
        </test-method> <!-- setUpData -->
        <test-method signature="PostUder()[pri:1, instance:api.test.UserTests@7161d8d1]" started-at="2024-10-14T13:41:55 IST" name="PostUder" finished-at="2024-10-14T13:42:04 IST" duration-ms="9395" status="PASS">
          <reporter-output>
          </reporter-output>
        </test-method> <!-- PostUder -->
        <test-method signature="getUser()[pri:2, instance:api.test.UserTests@7161d8d1]" started-at="2024-10-14T13:42:04 IST" name="getUser" finished-at="2024-10-14T13:42:05 IST" duration-ms="1294" status="PASS">
          <reporter-output>
          </reporter-output>
        </test-method> <!-- getUser -->
        <test-method signature="updateUser()[pri:3, instance:api.test.UserTests@7161d8d1]" started-at="2024-10-14T13:42:05 IST" name="updateUser" finished-at="2024-10-14T13:42:08 IST" duration-ms="2558" status="PASS">
          <reporter-output>
          </reporter-output>
        </test-method> <!-- updateUser -->
        <test-method signature="deleteUser()[pri:4, instance:api.test.UserTests@7161d8d1]" started-at="2024-10-14T13:42:08 IST" name="deleteUser" finished-at="2024-10-14T13:42:09 IST" duration-ms="1276" status="PASS">
          <reporter-output>
          </reporter-output>
        </test-method> <!-- deleteUser -->
      </class> <!-- api.test.UserTests -->
    </test> <!-- Default test -->
  </suite> <!-- Default suite -->
</testng-results>
