<?xml version="1.0" encoding="UTF-8"?>
<testsuite xmlns:xsi="http://www.w3.org/2001/XMLSchema-instance" xsi:noNamespaceSchemaLocation="https://maven.apache.org/surefire/maven-surefire-plugin/xsd/surefire-test-report-3.0.xsd" version="3.0" name="TestSuite" time="11.635" tests="6" errors="0" skipped="0" failures="0">
  <properties>
[...]
</properties>
  <testcase name="testPostUsers[1010, TestUser1, Jhon, Maddy, Test@gmail.com, jdfief923, 12930293](1)" classname="api.test.DDTests" time="3.292">
    <system-err><![CDATA[SLF4J: Failed to load class "org.slf4j.impl.StaticLoggerBinder".
SLF4J: Defaulting to no-operation (NOP) logger implementation
SLF4J: See http://www.slf4j.org/codes.html#StaticLoggerBinder for further details.
ERROR StatusLogger Log4j2 could not find a logging implementation. Please add log4j-core to the classpath. Using SimpleLogger to log to the console...
]]></system-err>
  </testcase>
  <testcase name="testPostUsers[1020, TestUser2, Leo, kim, Test@gmail.com, jdfief924, 12930294](2)" classname="api.test.DDTests" time="1.243"/>
  <testcase name="testPostUsers[1030, TestUser3, Jim, Kong, Test@gmail.com, jdfief925, 12930295](3)" classname="api.test.DDTests" time="1.162"/>
  <testcase name="testDeleteByUserName[TestUser1](1)" classname="api.test.DDTests" time="1.189"/>
  <testcase name="testDeleteByUserName[TestUser2](2)" classname="api.test.DDTests" time="1.169"/>
  <testcase name="testDeleteByUserName[TestUser3](3)" classname="api.test.DDTests" time="1.249"/>
</testsuite>