<?xml version="1.0" encoding="UTF-8"?>
<testng-results ignored="0" total="6" passed="6" failed="0" skipped="0">
  <reporter-output>
  </reporter-output>
  <suite started-at="2024-10-25T13:40:22 IST" name="Suite" finished-at="2024-10-25T13:40:33 IST" duration-ms="10593">
    <groups>
    </groups>
    <test started-at="2024-10-25T13:40:22 IST" name="Test" finished-at="2024-10-25T13:40:33 IST" duration-ms="10593">
      <class name="api.test.DDTests">
        <test-method signature="testPostUsers(java.lang.String,java.lang.String,java.lang.String,java.lang.String,java.lang.String,java.lang.String,java.lang.String)[pri:1, instance:api.test.DDTests@428640fa]" started-at="2024-10-25T13:40:23 IST" name="testPostUsers" data-provider="Data" finished-at="2024-10-25T13:40:27 IST" duration-ms="3288" status="PASS">
          <params>
            <param index="0">
              <value>
                <![CDATA[1010]]>
              </value>
            </param>
            <param index="1">
              <value>
                <![CDATA[TestUser1]]>
              </value>
            </param>
            <param index="2">
              <value>
                <![CDATA[Jhon]]>
              </value>
            </param>
            <param index="3">
              <value>
                <![CDATA[Maddy]]>
              </value>
            </param>
            <param index="4">
              <value>
                <![CDATA[Test@gmail.com]]>
              </value>
            </param>
            <param index="5">
              <value>
                <![CDATA[jdfief923]]>
              </value>
            </param>
            <param index="6">
              <value>
                <![CDATA[12930293]]>
              </value>
            </param>
          </params>
          <reporter-output>
          </reporter-output>
        </test-method> <!-- testPostUsers -->
        <test-method signature="testPostUsers(java.lang.String,java.lang.String,java.lang.String,java.lang.String,java.lang.String,java.lang.String,java.lang.String)[pri:1, instance:api.test.DDTests@428640fa]" started-at="2024-10-25T13:40:27 IST" name="testPostUsers" data-provider="Data" finished-at="2024-10-25T13:40:28 IST" duration-ms="1249" status="PASS">
          <params>
            <param index="0">
              <value>
                <![CDATA[1020]]>
              </value>
            </param>
            <param index="1">
              <value>
                <![CDATA[TestUser2]]>
              </value>
            </param>
            <param index="2">
              <value>
                <![CDATA[Leo]]>
              </value>
            </param>
            <param index="3">
              <value>
                <![CDATA[kim]]>
              </value>
            </param>
            <param index="4">
              <value>
                <![CDATA[Test@gmail.com]]>
              </value>
            </param>
            <param index="5">
              <value>
                <![CDATA[jdfief924]]>
              </value>
            </param>
            <param index="6">
              <value>
                <![CDATA[12930294]]>
              </value>
            </param>
          </params>
          <reporter-output>
          </reporter-output>
        </test-method> <!-- testPostUsers -->
        <test-method signature="testPostUsers(java.lang.String,java.lang.String,java.lang.String,java.lang.String,java.lang.String,java.lang.String,java.lang.String)[pri:1, instance:api.test.DDTests@428640fa]" started-at="2024-10-25T13:40:28 IST" name="testPostUsers" data-provider="Data" finished-at="2024-10-25T13:40:29 IST" duration-ms="1161" status="PASS">
          <params>
            <param index="0">
              <value>
                <![CDATA[1030]]>
              </value>
            </param>
            <param index="1">
              <value>
                <![CDATA[TestUser3]]>
              </value>
            </param>
            <param index="2">
              <value>
                <![CDATA[Jim]]>
              </value>
            </param>
            <param index="3">
              <value>
                <![CDATA[Kong]]>
              </value>
            </param>
            <param index="4">
              <value>
                <![CDATA[Test@gmail.com]]>
              </value>
            </param>
            <param index="5">
              <value>
                <![CDATA[jdfief925]]>
              </value>
            </param>
            <param index="6">
              <value>
                <![CDATA[12930295]]>
              </value>
            </param>
          </params>
          <reporter-output>
          </reporter-output>
        </test-method> <!-- testPostUsers -->
        <test-method signature="testDeleteByUserName(java.lang.String)[pri:2, instance:api.test.DDTests@428640fa]" started-at="2024-10-25T13:40:29 IST" name="testDeleteByUserName" data-provider="UserNames" finished-at="2024-10-25T13:40:30 IST" duration-ms="1188" status="PASS">
          <params>
            <param index="0">
              <value>
                <![CDATA[TestUser1]]>
              </value>
            </param>
          </params>
          <reporter-output>
          </reporter-output>
        </test-method> <!-- testDeleteByUserName -->
        <test-method signature="testDeleteByUserName(java.lang.String)[pri:2, instance:api.test.DDTests@428640fa]" started-at="2024-10-25T13:40:30 IST" name="testDeleteByUserName" data-provider="UserNames" finished-at="2024-10-25T13:40:32 IST" duration-ms="1168" status="PASS">
          <params>
            <param index="0">
              <value>
                <![CDATA[TestUser2]]>
              </value>
            </param>
          </params>
          <reporter-output>
          </reporter-output>
        </test-method> <!-- testDeleteByUserName -->
        <test-method signature="testDeleteByUserName(java.lang.String)[pri:2, instance:api.test.DDTests@428640fa]" started-at="2024-10-25T13:40:32 IST" name="testDeleteByUserName" data-provider="UserNames" finished-at="2024-10-25T13:40:33 IST" duration-ms="1248" status="PASS">
          <params>
            <param index="0">
              <value>
                <![CDATA[TestUser3]]>
              </value>
            </param>
          </params>
          <reporter-output>
          </reporter-output>
        </test-method> <!-- testDeleteByUserName -->
      </class> <!-- api.test.DDTests -->
    </test> <!-- Test -->
  </suite> <!-- Suite -->
</testng-results>
