<?xml version="1.0" encoding="UTF-8"?>
<!-- Generated by org.testng.reporters.JUnitXMLReporter -->
<testsuite ignored="0" hostname="CHN5CD20223R1" failures="0" tests="6" name="Test" time="10.593" errors="0" timestamp="2024-10-25T13:40:33 IST">
  <testcase classname="api.test.DDTests" name="testPostUsers" time="3.288"/>
  <testcase classname="api.test.DDTests" name="testPostUsers" time="1.249"/>
  <testcase classname="api.test.DDTests" name="testPostUsers" time="1.161"/>
  <testcase classname="api.test.DDTests" name="testDeleteByUserName" time="1.188"/>
  <testcase classname="api.test.DDTests" name="testDeleteByUserName" time="1.168"/>
  <testcase classname="api.test.DDTests" name="testDeleteByUserName" time="1.248"/>
</testsuite> <!-- Test -->
