<?xml version="1.0" encoding="UTF-8"?>
<!-- Generated by org.testng.reporters.JUnitXMLReporter -->
<testsuite ignored="0" hostname="CHN5CD20223R1" failures="0" tests="4" name="Default test" time="15.523" errors="0" timestamp="2024-10-14T13:42:09 IST">
  <testcase classname="api.test.UserTests" name="PostUder" time="9.395"/>
  <testcase classname="api.test.UserTests" name="getUser" time="1.294"/>
  <testcase classname="api.test.UserTests" name="updateUser" time="2.558"/>
  <testcase classname="api.test.UserTests" name="deleteUser" time="1.276"/>
</testsuite> <!-- Default test -->
